<?xml version="1.0" encoding="UTF-8"?>
<testsuite xmlns:xsi="http://www.w3.org/2001/XMLSchema-instance" xsi:noNamespaceSchemaLocation="https://maven.apache.org/surefire/maven-surefire-plugin/xsd/surefire-test-report.xsd" name="com.in28minutes.rest.webservices.restfulwebservices.RestfulWebServicesApplicationTests" time="0.816" tests="1" errors="0" skipped="1" failures="0">
  <properties>
[...]
</properties>
  <testcase name="contextLoads" classname="com.in28minutes.rest.webservices.restfulwebservices.RestfulWebServicesApplicationTests" time="0">
    <skipped/>
    <system-out><![CDATA[08:16:00.155 [main] DEBUG org.springframework.test.context.junit4.SpringJUnit4ClassRunner - SpringJUnit4ClassRunner constructor called with [class com.in28minutes.rest.webservices.restfulwebservices.RestfulWebServicesApplicationTests]
08:16:00.165 [main] DEBUG org.springframework.test.context.BootstrapUtils - Instantiating CacheAwareContextLoaderDelegate from class [org.springframework.test.context.cache.DefaultCacheAwareContextLoaderDelegate]
08:16:00.182 [main] DEBUG org.springframework.test.context.BootstrapUtils - Instantiating BootstrapContext using constructor [public org.springframework.test.context.support.DefaultBootstrapContext(java.lang.Class,org.springframework.test.context.CacheAwareContextLoaderDelegate)]
08:16:00.259 [main] DEBUG org.springframework.test.context.BootstrapUtils - Instantiating TestContextBootstrapper for test class [com.in28minutes.rest.webservices.restfulwebservices.RestfulWebServicesApplicationTests] from class [org.springframework.boot.test.context.SpringBootTestContextBootstrapper]
08:16:00.294 [main] INFO org.springframework.boot.test.context.SpringBootTestContextBootstrapper - Neither @ContextConfiguration nor @ContextHierarchy found for test class [com.in28minutes.rest.webservices.restfulwebservices.RestfulWebServicesApplicationTests], using SpringBootContextLoader
08:16:00.300 [main] DEBUG org.springframework.test.context.support.AbstractContextLoader - Did not detect default resource location for test class [com.in28minutes.rest.webservices.restfulwebservices.RestfulWebServicesApplicationTests]: class path resource [com/in28minutes/rest/webservices/restfulwebservices/RestfulWebServicesApplicationTests-context.xml] does not exist
08:16:00.302 [main] DEBUG org.springframework.test.context.support.AbstractContextLoader - Did not detect default resource location for test class [com.in28minutes.rest.webservices.restfulwebservices.RestfulWebServicesApplicationTests]: class path resource [com/in28minutes/rest/webservices/restfulwebservices/RestfulWebServicesApplicationTestsContext.groovy] does not exist
08:16:00.302 [main] INFO org.springframework.test.context.support.AbstractContextLoader - Could not detect default resource locations for test class [com.in28minutes.rest.webservices.restfulwebservices.RestfulWebServicesApplicationTests]: no resource found for suffixes {-context.xml, Context.groovy}.
08:16:00.303 [main] INFO org.springframework.test.context.support.AnnotationConfigContextLoaderUtils - Could not detect default configuration classes for test class [com.in28minutes.rest.webservices.restfulwebservices.RestfulWebServicesApplicationTests]: RestfulWebServicesApplicationTests does not declare any static, non-private, non-final, nested classes annotated with @Configuration.
08:16:00.374 [main] DEBUG org.springframework.test.context.support.ActiveProfilesUtils - Could not find an 'annotation declaring class' for annotation type [org.springframework.test.context.ActiveProfiles] and class [com.in28minutes.rest.webservices.restfulwebservices.RestfulWebServicesApplicationTests]
08:16:00.498 [main] DEBUG org.springframework.context.annotation.ClassPathScanningCandidateComponentProvider - Identified candidate component class: file [C:\Users\r84160880\Desktop\ToDo-App\todo-app-back\target\classes\com\in28minutes\rest\webservices\restfulwebservices\RestfulWebServicesApplication.class]
08:16:00.500 [main] INFO org.springframework.boot.test.context.SpringBootTestContextBootstrapper - Found @SpringBootConfiguration com.in28minutes.rest.webservices.restfulwebservices.RestfulWebServicesApplication for test class com.in28minutes.rest.webservices.restfulwebservices.RestfulWebServicesApplicationTests
08:16:00.628 [main] DEBUG org.springframework.boot.test.context.SpringBootTestContextBootstrapper - @TestExecutionListeners is not present for class [com.in28minutes.rest.webservices.restfulwebservices.RestfulWebServicesApplicationTests]: using defaults.
08:16:00.629 [main] INFO org.springframework.boot.test.context.SpringBootTestContextBootstrapper - Loaded default TestExecutionListener class names from location [META-INF/spring.factories]: [org.springframework.boot.test.mock.mockito.MockitoTestExecutionListener, org.springframework.boot.test.mock.mockito.ResetMocksTestExecutionListener, org.springframework.boot.test.autoconfigure.restdocs.RestDocsTestExecutionListener, org.springframework.boot.test.autoconfigure.web.client.MockRestServiceServerResetTestExecutionListener, org.springframework.boot.test.autoconfigure.web.servlet.MockMvcPrintOnlyOnFailureTestExecutionListener, org.springframework.boot.test.autoconfigure.web.servlet.WebDriverTestExecutionListener, org.springframework.test.context.web.ServletTestExecutionListener, org.springframework.test.context.support.DirtiesContextBeforeModesTestExecutionListener, org.springframework.test.context.support.DependencyInjectionTestExecutionListener, org.springframework.test.context.support.DirtiesContextTestExecutionListener, org.springframework.test.context.transaction.TransactionalTestExecutionListener, org.springframework.test.context.jdbc.SqlScriptsTestExecutionListener]
08:16:00.644 [main] INFO org.springframework.boot.test.context.SpringBootTestContextBootstrapper - Using TestExecutionListeners: [org.springframework.test.context.web.ServletTestExecutionListener@304bb45b, org.springframework.test.context.support.DirtiesContextBeforeModesTestExecutionListener@723ca036, org.springframework.boot.test.mock.mockito.MockitoTestExecutionListener@25be7b63, org.springframework.boot.test.autoconfigure.SpringBootDependencyInjectionTestExecutionListener@28dcca0c, org.springframework.test.context.support.DirtiesContextTestExecutionListener@45d84a20, org.springframework.test.context.transaction.TransactionalTestExecutionListener@52f27fbd, org.springframework.test.context.jdbc.SqlScriptsTestExecutionListener@4c163e3, org.springframework.boot.test.mock.mockito.ResetMocksTestExecutionListener@4a8355dd, org.springframework.boot.test.autoconfigure.restdocs.RestDocsTestExecutionListener@4d0d9fe7, org.springframework.boot.test.autoconfigure.web.client.MockRestServiceServerResetTestExecutionListener@c430e6c, org.springframework.boot.test.autoconfigure.web.servlet.MockMvcPrintOnlyOnFailureTestExecutionListener@312aa7c, org.springframework.boot.test.autoconfigure.web.servlet.WebDriverTestExecutionListener@536f2a7e]
08:16:00.646 [main] DEBUG org.springframework.test.annotation.ProfileValueUtils - Retrieved @ProfileValueSourceConfiguration [null] for test class [com.in28minutes.rest.webservices.restfulwebservices.RestfulWebServicesApplicationTests]
08:16:00.646 [main] DEBUG org.springframework.test.annotation.ProfileValueUtils - Retrieved ProfileValueSource type [class org.springframework.test.annotation.SystemProfileValueSource] for class [com.in28minutes.rest.webservices.restfulwebservices.RestfulWebServicesApplicationTests]
08:16:00.647 [main] DEBUG org.springframework.test.annotation.ProfileValueUtils - Retrieved @ProfileValueSourceConfiguration [null] for test class [com.in28minutes.rest.webservices.restfulwebservices.RestfulWebServicesApplicationTests]
08:16:00.647 [main] DEBUG org.springframework.test.annotation.ProfileValueUtils - Retrieved ProfileValueSource type [class org.springframework.test.annotation.SystemProfileValueSource] for class [com.in28minutes.rest.webservices.restfulwebservices.RestfulWebServicesApplicationTests]
08:16:00.648 [main] DEBUG org.springframework.test.annotation.ProfileValueUtils - Retrieved @ProfileValueSourceConfiguration [null] for test class [com.in28minutes.rest.webservices.restfulwebservices.RestfulWebServicesApplicationTests]
08:16:00.648 [main] DEBUG org.springframework.test.annotation.ProfileValueUtils - Retrieved ProfileValueSource type [class org.springframework.test.annotation.SystemProfileValueSource] for class [com.in28minutes.rest.webservices.restfulwebservices.RestfulWebServicesApplicationTests]
]]></system-out>
  </testcase>
</testsuite>